2025-06-11 15:45:42,003 - app - INFO - 🔗 Usando SQLite locale per sviluppo
2025-06-11 15:45:42,071 - app - INFO - Database di sviluppo inizializzato
2025-06-11 15:54:06,445 - app - INFO - 🔗 Usando SQLite locale per sviluppo
2025-06-11 15:54:06,504 - app - INFO - Database di sviluppo inizializzato
2025-06-11 16:01:33,866 - app - INFO - 🔗 Usando SQLite locale per sviluppo
2025-06-11 16:01:33,939 - app - INFO - Database di sviluppo inizializzato
2025-06-11 16:16:19,092 - app - INFO - 🔗 Usando SQLite locale per sviluppo
2025-06-11 16:16:19,186 - app - INFO - Database di sviluppo inizializzato
2025-06-11 16:16:38,540 - app - INFO - 🔗 Usando SQLite locale per sviluppo
2025-06-11 16:16:38,589 - app - INFO - Database di sviluppo inizializzato
2025-06-11 16:17:07,806 - app - INFO - 🔗 Usando SQLite locale per sviluppo
2025-06-11 16:17:07,847 - app - INFO - Database di sviluppo inizializzato
2025-06-11 16:17:30,640 - app - INFO - 🔗 Usando SQLite locale per sviluppo
2025-06-11 16:17:30,683 - app - INFO - Database di sviluppo inizializzato
2025-06-11 16:18:44,906 - app - INFO - 🔗 Usando SQLite locale per sviluppo
2025-06-11 16:18:44,969 - app - INFO - Database di sviluppo inizializzato
2025-06-11 16:19:17,121 - app - INFO - 🔗 Usando SQLite locale per sviluppo
2025-06-11 16:19:17,165 - app - INFO - Database di sviluppo inizializzato
2025-06-11 16:20:12,886 - app - INFO - 🔗 Usando SQLite locale per sviluppo
2025-06-11 16:20:12,947 - app - INFO - Database di sviluppo inizializzato
2025-06-11 16:20:59,995 - app - INFO - 🔗 Usando SQLite locale per sviluppo
2025-06-11 16:21:00,079 - app - INFO - Database di sviluppo inizializzato
2025-06-11 16:21:55,091 - app - INFO - 🔗 Usando SQLite locale per sviluppo
2025-06-11 16:21:55,142 - app - INFO - Database di sviluppo inizializzato
2025-06-11 16:22:28,913 - app - INFO - 🔗 Usando SQLite locale per sviluppo
2025-06-11 16:22:28,957 - app - INFO - Database di sviluppo inizializzato
2025-06-11 16:23:04,676 - app - INFO - 🔗 Usando SQLite locale per sviluppo
2025-06-11 16:23:04,745 - app - INFO - Database di sviluppo inizializzato
2025-06-11 16:58:33,887 - app - INFO - 🔗 Usando SQLite locale per sviluppo
2025-06-11 16:58:33,955 - app - INFO - Database di sviluppo inizializzato
2025-06-11 17:01:48,342 - app - INFO - 🔗 Usando SQLite locale per sviluppo
2025-06-11 17:01:48,405 - app - INFO - Database di sviluppo inizializzato
2025-06-11 17:06:03,719 - app - INFO - 🔗 Usando SQLite locale per sviluppo
2025-06-11 17:06:03,784 - app - INFO - Database di sviluppo inizializzato
2025-06-11 17:06:38,146 - app - INFO - 🔗 Usando SQLite locale per sviluppo
2025-06-11 17:06:38,206 - app - INFO - Database di sviluppo inizializzato
2025-06-11 17:06:50,680 - app - INFO - 🔗 Usando SQLite locale per sviluppo
2025-06-11 17:06:50,724 - app - INFO - Database di sviluppo inizializzato
2025-06-11 17:07:16,616 - app - INFO - 🔗 Usando SQLite locale per sviluppo
2025-06-11 17:07:16,659 - app - INFO - Database di sviluppo inizializzato
2025-06-11 17:07:44,107 - app - INFO - 🔗 Usando SQLite locale per sviluppo
2025-06-11 17:07:44,170 - app - INFO - Database di sviluppo inizializzato
2025-06-11 17:09:12,192 - app - INFO - 🔗 Usando SQLite locale per sviluppo
2025-06-11 17:09:12,252 - app - INFO - Database di sviluppo inizializzato
2025-06-11 17:10:28,489 - app - INFO - 🔗 Usando SQLite locale per sviluppo
2025-06-11 17:10:28,550 - app - INFO - Database di sviluppo inizializzato
2025-06-11 17:11:08,318 - app - INFO - 🔗 Usando SQLite locale per sviluppo
2025-06-11 17:11:08,379 - app - INFO - Database di sviluppo inizializzato
2025-06-11 17:11:44,541 - app - INFO - 🔗 Usando SQLite locale per sviluppo
2025-06-11 17:11:44,584 - app - INFO - Database di sviluppo inizializzato
2025-06-11 17:13:50,966 - app - INFO - 🔗 Usando SQLite locale per sviluppo
2025-06-11 17:13:51,029 - app - INFO - Database di sviluppo inizializzato
2025-06-11 17:14:13,697 - app - INFO - 🔗 Usando SQLite locale per sviluppo
2025-06-11 17:14:13,738 - app - INFO - Database di sviluppo inizializzato
2025-06-11 17:14:35,054 - app - INFO - 🔗 Usando SQLite locale per sviluppo
2025-06-11 17:14:35,093 - app - INFO - Database di sviluppo inizializzato
2025-06-11 17:14:53,553 - app - INFO - 🔗 Usando SQLite locale per sviluppo
2025-06-11 17:14:53,592 - app - INFO - Database di sviluppo inizializzato
2025-06-11 17:15:10,961 - app - INFO - 🔗 Usando SQLite locale per sviluppo
2025-06-11 17:15:11,019 - app - INFO - Database di sviluppo inizializzato
2025-06-11 17:15:26,553 - app - INFO - 🔗 Usando SQLite locale per sviluppo
2025-06-11 17:15:26,594 - app - INFO - Database di sviluppo inizializzato
2025-06-11 17:15:56,865 - app - INFO - 🔗 Usando SQLite locale per sviluppo
2025-06-11 17:15:56,904 - app - INFO - Database di sviluppo inizializzato
2025-06-11 17:16:09,326 - app - INFO - 🔗 Usando SQLite locale per sviluppo
2025-06-11 17:16:09,363 - app - INFO - Database di sviluppo inizializzato
2025-06-11 17:16:26,226 - app - INFO - 🔗 Usando SQLite locale per sviluppo
2025-06-11 17:16:26,266 - app - INFO - Database di sviluppo inizializzato
2025-06-11 17:17:31,989 - app - INFO - 🔗 Usando SQLite locale per sviluppo
2025-06-11 17:17:32,030 - app - INFO - Database di sviluppo inizializzato
2025-06-11 17:18:04,290 - app - INFO - 🔗 Usando SQLite locale per sviluppo
2025-06-11 17:18:04,383 - app - INFO - Database di sviluppo inizializzato
2025-06-11 17:19:20,673 - app - INFO - 🔗 Usando SQLite locale per sviluppo
2025-06-11 17:19:20,738 - app - INFO - Database di sviluppo inizializzato
2025-06-11 17:22:32,685 - app - INFO - 🔗 Usando SQLite locale per sviluppo
2025-06-11 17:22:32,740 - app - INFO - Database di sviluppo inizializzato
2025-06-11 17:23:06,316 - app - INFO - 🔗 Usando SQLite locale per sviluppo
2025-06-11 17:23:06,356 - app - INFO - Database di sviluppo inizializzato
2025-06-11 17:23:45,621 - app - INFO - 🔗 Usando SQLite locale per sviluppo
2025-06-11 17:23:45,661 - app - INFO - Database di sviluppo inizializzato
2025-06-11 17:24:18,876 - app - INFO - 🔗 Usando SQLite locale per sviluppo
2025-06-11 17:24:18,916 - app - INFO - Database di sviluppo inizializzato
2025-06-11 17:24:53,764 - app - INFO - 🔗 Usando SQLite locale per sviluppo
2025-06-11 17:24:53,806 - app - INFO - Database di sviluppo inizializzato
2025-06-11 17:25:39,690 - app - INFO - 🔗 Usando SQLite locale per sviluppo
2025-06-11 17:25:39,754 - app - INFO - Database di sviluppo inizializzato
2025-06-11 17:26:08,193 - app - INFO - 🔗 Usando SQLite locale per sviluppo
2025-06-11 17:26:08,233 - app - INFO - Database di sviluppo inizializzato
2025-06-11 17:26:33,817 - app - INFO - 🔗 Usando SQLite locale per sviluppo
2025-06-11 17:26:33,873 - app - INFO - Database di sviluppo inizializzato
2025-06-11 17:26:58,310 - app - INFO - 🔗 Usando SQLite locale per sviluppo
2025-06-11 17:26:58,348 - app - INFO - Database di sviluppo inizializzato
2025-06-11 17:27:18,477 - app - INFO - 🔗 Usando SQLite locale per sviluppo
2025-06-11 17:27:18,520 - app - INFO - Database di sviluppo inizializzato
2025-06-11 17:28:26,471 - app - INFO - 🔗 Usando SQLite locale per sviluppo
2025-06-11 17:28:26,532 - app - INFO - Database di sviluppo inizializzato
2025-06-11 17:28:59,350 - app - INFO - 🔗 Usando SQLite locale per sviluppo
2025-06-11 17:28:59,394 - app - INFO - Database di sviluppo inizializzato
2025-06-11 17:29:25,491 - app - INFO - 🔗 Usando SQLite locale per sviluppo
2025-06-11 17:29:25,538 - app - INFO - Database di sviluppo inizializzato
2025-06-11 17:29:52,193 - app - INFO - 🔗 Usando SQLite locale per sviluppo
2025-06-11 17:29:52,234 - app - INFO - Database di sviluppo inizializzato
2025-06-11 17:30:27,189 - app - INFO - 🔗 Usando SQLite locale per sviluppo
2025-06-11 17:30:27,253 - app - INFO - Database di sviluppo inizializzato
2025-06-12 10:38:32,838 - __main__ - INFO - 🔗 Usando SQLite locale per sviluppo
2025-06-12 10:38:33,033 - __main__ - INFO - Database di sviluppo inizializzato
2025-06-12 10:38:33,037 - __main__ - INFO - 🚀 Avvio applicazione su porta 3000 (debug: True)
2025-06-12 10:38:33,157 - werkzeug - INFO - [31m[1mWARNING: This is a development server. Do not use it in a production deployment. Use a production WSGI server instead.[0m
 * Running on all addresses (0.0.0.0)
 * Running on http://127.0.0.1:3000
 * Running on http://192.168.8.42:3000
2025-06-12 10:38:33,157 - werkzeug - INFO - [33mPress CTRL+C to quit[0m
2025-06-12 10:38:33,161 - werkzeug - INFO -  * Restarting with stat
2025-06-12 10:38:33,833 - __main__ - INFO - 🔗 Usando SQLite locale per sviluppo
2025-06-12 10:38:33,907 - __main__ - INFO - Database di sviluppo inizializzato
2025-06-12 10:38:33,911 - __main__ - INFO - 🚀 Avvio applicazione su porta 3000 (debug: True)
2025-06-12 10:38:33,928 - werkzeug - WARNING -  * Debugger is active!
2025-06-12 10:38:33,946 - werkzeug - INFO -  * Debugger PIN: 381-560-159
2025-06-12 10:39:10,377 - __main__ - INFO - GET /api/articoli - 0.009s
2025-06-12 10:39:10,378 - werkzeug - INFO - 127.0.0.1 - - [12/Jun/2025 10:39:10] "GET /api/articoli HTTP/1.1" 200 -
2025-06-12 10:39:18,223 - __main__ - INFO - POST /api/articoli - 0.004s
2025-06-12 10:39:18,224 - werkzeug - INFO - 127.0.0.1 - - [12/Jun/2025 10:39:18] "[31m[1mPOST /api/articoli HTTP/1.1[0m" 400 -
2025-06-12 10:39:25,809 - __main__ - INFO - POST /api/articoli - 0.000s
2025-06-12 10:39:25,809 - werkzeug - INFO - 127.0.0.1 - - [12/Jun/2025 10:39:25] "[31m[1mPOST /api/articoli HTTP/1.1[0m" 400 -
2025-06-12 10:39:56,439 - __main__ - INFO - POST /api/articoli - 0.000s
2025-06-12 10:39:56,439 - werkzeug - INFO - 127.0.0.1 - - [12/Jun/2025 10:39:56] "[31m[1mPOST /api/articoli HTTP/1.1[0m" 400 -
2025-06-12 10:39:56,442 - __main__ - INFO - POST /api/articoli - 0.000s
2025-06-12 10:39:56,443 - werkzeug - INFO - 127.0.0.1 - - [12/Jun/2025 10:39:56] "[31m[1mPOST /api/articoli HTTP/1.1[0m" 400 -
2025-06-12 10:40:43,668 - app - INFO - 🔗 Usando SQLite locale per sviluppo
2025-06-12 10:40:43,713 - app - INFO - Database di sviluppo inizializzato
2025-06-12 10:41:05,736 - app - INFO - 🔗 Usando SQLite locale per sviluppo
2025-06-12 10:41:05,778 - app - INFO - Database di sviluppo inizializzato
2025-06-12 10:41:24,487 - app - INFO - 🔗 Usando SQLite locale per sviluppo
2025-06-12 10:41:24,530 - app - INFO - Database di sviluppo inizializzato
2025-06-12 10:41:39,694 - app - INFO - 🔗 Usando SQLite locale per sviluppo
2025-06-12 10:41:39,733 - app - INFO - Database di sviluppo inizializzato
2025-06-12 10:43:07,079 - werkzeug - INFO -  * Detected change in '/Users/flavio.lombardi/Desktop/Gestionale/app.py', reloading
2025-06-12 10:43:07,188 - werkzeug - INFO -  * Restarting with stat
2025-06-12 10:43:08,114 - __main__ - INFO - 🔗 Usando SQLite locale per sviluppo
2025-06-12 10:43:08,167 - __main__ - INFO - Database di sviluppo inizializzato
2025-06-12 10:43:08,176 - __main__ - INFO - 🚀 Avvio applicazione su porta 3000 (debug: True)
2025-06-12 10:43:08,212 - werkzeug - WARNING -  * Debugger is active!
2025-06-12 10:43:08,246 - werkzeug - INFO -  * Debugger PIN: 381-560-159
2025-06-12 10:43:19,362 - werkzeug - INFO -  * Detected change in '/Users/flavio.lombardi/Desktop/Gestionale/app.py', reloading
2025-06-12 10:43:19,480 - werkzeug - INFO -  * Restarting with stat
2025-06-12 10:43:20,367 - __main__ - INFO - 🔗 Usando SQLite locale per sviluppo
2025-06-12 10:43:20,415 - __main__ - INFO - Database di sviluppo inizializzato
2025-06-12 10:43:20,420 - __main__ - INFO - 🚀 Avvio applicazione su porta 3000 (debug: True)
2025-06-12 10:43:20,440 - werkzeug - WARNING -  * Debugger is active!
2025-06-12 10:43:20,454 - werkzeug - INFO -  * Debugger PIN: 381-560-159
2025-06-12 10:43:29,529 - werkzeug - INFO -  * Detected change in '/Users/flavio.lombardi/Desktop/Gestionale/app.py', reloading
2025-06-12 10:43:29,637 - werkzeug - INFO -  * Restarting with stat
2025-06-12 10:43:30,375 - __main__ - INFO - 🔗 Usando SQLite locale per sviluppo
2025-06-12 10:43:30,415 - __main__ - INFO - Database di sviluppo inizializzato
2025-06-12 10:43:30,420 - __main__ - INFO - 🚀 Avvio applicazione su porta 3000 (debug: True)
2025-06-12 10:43:30,437 - werkzeug - WARNING -  * Debugger is active!
2025-06-12 10:43:30,450 - werkzeug - INFO -  * Debugger PIN: 381-560-159
2025-06-12 10:43:41,545 - werkzeug - INFO -  * Detected change in '/Users/flavio.lombardi/Desktop/Gestionale/app.py', reloading
2025-06-12 10:43:41,671 - werkzeug - INFO -  * Restarting with stat
2025-06-12 10:43:42,402 - __main__ - INFO - 🔗 Usando SQLite locale per sviluppo
2025-06-12 10:43:42,437 - __main__ - INFO - Database di sviluppo inizializzato
2025-06-12 10:43:42,441 - __main__ - INFO - 🚀 Avvio applicazione su porta 3000 (debug: True)
2025-06-12 10:43:42,455 - werkzeug - WARNING -  * Debugger is active!
2025-06-12 10:43:42,466 - werkzeug - INFO -  * Debugger PIN: 381-560-159
2025-06-12 10:43:55,569 - werkzeug - INFO -  * Detected change in '/Users/flavio.lombardi/Desktop/Gestionale/app.py', reloading
2025-06-12 10:43:55,682 - werkzeug - INFO -  * Restarting with stat
2025-06-12 10:43:56,405 - __main__ - INFO - 🔗 Usando SQLite locale per sviluppo
2025-06-12 10:43:56,450 - __main__ - INFO - Database di sviluppo inizializzato
2025-06-12 10:43:56,454 - __main__ - INFO - 🚀 Avvio applicazione su porta 3000 (debug: True)
2025-06-12 10:43:56,473 - werkzeug - WARNING -  * Debugger is active!
2025-06-12 10:43:56,488 - werkzeug - INFO -  * Debugger PIN: 381-560-159
2025-06-12 10:43:57,504 - werkzeug - INFO -  * Detected change in '/Users/flavio.lombardi/Desktop/Gestionale/app.py', reloading
2025-06-12 10:43:57,620 - werkzeug - INFO -  * Restarting with stat
2025-06-12 10:43:58,357 - __main__ - INFO - 🔗 Usando SQLite locale per sviluppo
2025-06-12 10:43:58,398 - __main__ - INFO - Database di sviluppo inizializzato
2025-06-12 10:43:58,402 - __main__ - INFO - 🚀 Avvio applicazione su porta 3000 (debug: True)
2025-06-12 10:43:58,418 - werkzeug - WARNING -  * Debugger is active!
2025-06-12 10:43:58,432 - werkzeug - INFO -  * Debugger PIN: 381-560-159
2025-06-12 10:44:04,491 - werkzeug - INFO -  * Detected change in '/Users/flavio.lombardi/Desktop/Gestionale/app.py', reloading
2025-06-12 10:44:04,601 - werkzeug - INFO -  * Restarting with stat
2025-06-12 10:44:05,335 - __main__ - INFO - 🔗 Usando SQLite locale per sviluppo
2025-06-12 10:44:05,374 - __main__ - INFO - Database di sviluppo inizializzato
2025-06-12 10:44:05,379 - __main__ - INFO - 🚀 Avvio applicazione su porta 3000 (debug: True)
2025-06-12 10:44:05,394 - werkzeug - WARNING -  * Debugger is active!
2025-06-12 10:44:05,407 - werkzeug - INFO -  * Debugger PIN: 381-560-159
2025-06-12 10:44:12,492 - werkzeug - INFO -  * Detected change in '/Users/flavio.lombardi/Desktop/Gestionale/app.py', reloading
2025-06-12 10:44:12,636 - werkzeug - INFO -  * Restarting with stat
2025-06-12 10:44:13,415 - __main__ - INFO - 🔗 Usando SQLite locale per sviluppo
2025-06-12 10:44:13,456 - __main__ - INFO - Database di sviluppo inizializzato
2025-06-12 10:44:13,461 - __main__ - INFO - 🚀 Avvio applicazione su porta 3000 (debug: True)
2025-06-12 10:44:13,478 - werkzeug - WARNING -  * Debugger is active!
2025-06-12 10:44:13,493 - werkzeug - INFO -  * Debugger PIN: 381-560-159
2025-06-12 10:44:42,737 - werkzeug - INFO -  * Detected change in '/Users/flavio.lombardi/Desktop/Gestionale/app.py', reloading
2025-06-12 10:44:42,946 - werkzeug - INFO -  * Restarting with stat
2025-06-12 10:44:44,248 - __main__ - INFO - 🔗 Usando SQLite locale per sviluppo
2025-06-12 10:44:44,293 - __main__ - INFO - Database di sviluppo inizializzato
2025-06-12 10:44:44,299 - __main__ - INFO - 🚀 Avvio applicazione su porta 3000 (debug: True)
2025-06-12 10:44:44,317 - werkzeug - WARNING -  * Debugger is active!
2025-06-12 10:44:44,333 - werkzeug - INFO -  * Debugger PIN: 381-560-159
2025-06-12 10:44:45,356 - werkzeug - INFO -  * Detected change in '/Users/flavio.lombardi/Desktop/Gestionale/app.py', reloading
2025-06-12 10:44:45,467 - werkzeug - INFO -  * Restarting with stat
2025-06-12 10:44:46,230 - __main__ - INFO - 🔗 Usando SQLite locale per sviluppo
2025-06-12 10:44:46,279 - __main__ - INFO - Database di sviluppo inizializzato
2025-06-12 10:44:46,286 - __main__ - INFO - 🚀 Avvio applicazione su porta 3000 (debug: True)
2025-06-12 10:44:46,307 - werkzeug - WARNING -  * Debugger is active!
2025-06-12 10:44:46,323 - werkzeug - INFO -  * Debugger PIN: 381-560-159
2025-06-12 10:45:01,448 - werkzeug - INFO -  * Detected change in '/Users/flavio.lombardi/Desktop/Gestionale/app.py', reloading
2025-06-12 10:45:01,590 - werkzeug - INFO -  * Restarting with stat
2025-06-12 10:45:02,322 - __main__ - INFO - 🔗 Usando SQLite locale per sviluppo
2025-06-12 10:45:02,362 - __main__ - INFO - Database di sviluppo inizializzato
2025-06-12 10:45:02,367 - __main__ - INFO - 🚀 Avvio applicazione su porta 3000 (debug: True)
2025-06-12 10:45:02,383 - werkzeug - WARNING -  * Debugger is active!
2025-06-12 10:45:02,397 - werkzeug - INFO -  * Debugger PIN: 381-560-159
2025-06-12 10:45:10,460 - werkzeug - INFO -  * Detected change in '/Users/flavio.lombardi/Desktop/Gestionale/app.py', reloading
2025-06-12 10:45:10,591 - werkzeug - INFO -  * Restarting with stat
2025-06-12 10:45:11,229 - __main__ - INFO - 🔗 Usando SQLite locale per sviluppo
2025-06-12 10:45:11,270 - __main__ - INFO - Database di sviluppo inizializzato
2025-06-12 10:45:11,274 - __main__ - INFO - 🚀 Avvio applicazione su porta 3000 (debug: True)
2025-06-12 10:45:11,292 - werkzeug - WARNING -  * Debugger is active!
2025-06-12 10:45:11,306 - werkzeug - INFO -  * Debugger PIN: 381-560-159
2025-06-12 10:45:39,534 - werkzeug - INFO -  * Detected change in '/Users/flavio.lombardi/Desktop/Gestionale/app.py', reloading
2025-06-12 10:45:39,643 - werkzeug - INFO -  * Restarting with stat
2025-06-12 10:45:40,395 - __main__ - INFO - 🔗 Usando SQLite locale per sviluppo
2025-06-12 10:45:40,530 - __main__ - INFO - Database di sviluppo inizializzato
2025-06-12 10:45:40,539 - __main__ - INFO - 🚀 Avvio applicazione su porta 3000 (debug: True)
2025-06-12 10:45:40,573 - werkzeug - WARNING -  * Debugger is active!
2025-06-12 10:45:40,597 - werkzeug - INFO -  * Debugger PIN: 381-560-159
2025-06-12 10:45:50,686 - werkzeug - INFO -  * Detected change in '/Users/flavio.lombardi/Desktop/Gestionale/app.py', reloading
2025-06-12 10:45:50,796 - werkzeug - INFO -  * Restarting with stat
2025-06-12 10:45:51,566 - __main__ - INFO - 🔗 Usando SQLite locale per sviluppo
2025-06-12 10:45:51,604 - __main__ - INFO - Database di sviluppo inizializzato
2025-06-12 10:45:51,608 - __main__ - INFO - 🚀 Avvio applicazione su porta 3000 (debug: True)
2025-06-12 10:45:51,623 - werkzeug - WARNING -  * Debugger is active!
2025-06-12 10:45:51,638 - werkzeug - INFO -  * Debugger PIN: 381-560-159
2025-06-12 10:45:56,076 - app - INFO - 🔗 Usando SQLite locale per sviluppo
2025-06-12 10:45:56,120 - app - INFO - Database di sviluppo inizializzato
2025-06-12 10:46:22,935 - werkzeug - INFO -  * Detected change in '/Users/flavio.lombardi/Desktop/Gestionale/app.py', reloading
2025-06-12 10:46:23,047 - werkzeug - INFO -  * Restarting with stat
2025-06-12 10:46:23,819 - __main__ - INFO - 🔗 Usando SQLite locale per sviluppo
2025-06-12 10:46:23,861 - __main__ - INFO - Database di sviluppo inizializzato
2025-06-12 10:46:23,865 - __main__ - INFO - 🚀 Avvio applicazione su porta 3000 (debug: True)
2025-06-12 10:46:23,882 - werkzeug - WARNING -  * Debugger is active!
2025-06-12 10:46:23,896 - werkzeug - INFO -  * Debugger PIN: 381-560-159
2025-06-12 10:46:25,919 - werkzeug - INFO -  * Detected change in '/Users/flavio.lombardi/Desktop/Gestionale/app.py', reloading
2025-06-12 10:46:26,029 - werkzeug - INFO -  * Restarting with stat
2025-06-12 10:46:26,698 - __main__ - INFO - 🔗 Usando SQLite locale per sviluppo
2025-06-12 10:46:26,737 - __main__ - INFO - Database di sviluppo inizializzato
2025-06-12 10:46:26,742 - __main__ - INFO - 🚀 Avvio applicazione su porta 3000 (debug: True)
2025-06-12 10:46:26,757 - werkzeug - WARNING -  * Debugger is active!
2025-06-12 10:46:26,770 - werkzeug - INFO -  * Debugger PIN: 381-560-159
2025-06-12 10:46:32,836 - werkzeug - INFO -  * Detected change in '/Users/flavio.lombardi/Desktop/Gestionale/app.py', reloading
2025-06-12 10:46:33,140 - werkzeug - INFO -  * Restarting with stat
2025-06-12 10:46:34,043 - __main__ - INFO - 🔗 Usando SQLite locale per sviluppo
2025-06-12 10:46:34,089 - __main__ - INFO - Database di sviluppo inizializzato
2025-06-12 10:46:34,094 - __main__ - INFO - 🚀 Avvio applicazione su porta 3000 (debug: True)
2025-06-12 10:46:34,118 - werkzeug - WARNING -  * Debugger is active!
2025-06-12 10:46:34,142 - werkzeug - INFO -  * Debugger PIN: 381-560-159
2025-06-12 10:46:36,176 - werkzeug - INFO -  * Detected change in '/Users/flavio.lombardi/Desktop/Gestionale/app.py', reloading
2025-06-12 10:46:36,292 - werkzeug - INFO -  * Restarting with stat
2025-06-12 10:46:37,036 - __main__ - INFO - 🔗 Usando SQLite locale per sviluppo
2025-06-12 10:46:37,077 - __main__ - INFO - Database di sviluppo inizializzato
2025-06-12 10:46:37,081 - __main__ - INFO - 🚀 Avvio applicazione su porta 3000 (debug: True)
2025-06-12 10:46:37,099 - werkzeug - WARNING -  * Debugger is active!
2025-06-12 10:46:37,113 - werkzeug - INFO -  * Debugger PIN: 381-560-159
2025-06-12 10:46:50,226 - werkzeug - INFO -  * Detected change in '/Users/flavio.lombardi/Desktop/Gestionale/app.py', reloading
2025-06-12 10:46:50,500 - werkzeug - INFO -  * Restarting with stat
2025-06-12 10:46:51,257 - __main__ - INFO - 🔗 Usando SQLite locale per sviluppo
2025-06-12 10:46:51,299 - __main__ - INFO - Database di sviluppo inizializzato
2025-06-12 10:46:51,304 - __main__ - INFO - 🚀 Avvio applicazione su porta 3000 (debug: True)
2025-06-12 10:46:51,321 - werkzeug - WARNING -  * Debugger is active!
2025-06-12 10:46:51,335 - werkzeug - INFO -  * Debugger PIN: 381-560-159
2025-06-12 10:46:52,359 - werkzeug - INFO -  * Detected change in '/Users/flavio.lombardi/Desktop/Gestionale/app.py', reloading
2025-06-12 10:46:52,470 - werkzeug - INFO -  * Restarting with stat
2025-06-12 10:46:53,198 - __main__ - INFO - 🔗 Usando SQLite locale per sviluppo
2025-06-12 10:46:53,239 - __main__ - INFO - Database di sviluppo inizializzato
2025-06-12 10:46:53,244 - __main__ - INFO - 🚀 Avvio applicazione su porta 3000 (debug: True)
2025-06-12 10:46:53,261 - werkzeug - WARNING -  * Debugger is active!
2025-06-12 10:46:53,274 - werkzeug - INFO -  * Debugger PIN: 381-560-159
2025-06-12 10:47:12,425 - werkzeug - INFO -  * Detected change in '/Users/flavio.lombardi/Desktop/Gestionale/app.py', reloading
2025-06-12 10:47:12,599 - werkzeug - INFO -  * Restarting with stat
2025-06-12 10:47:13,570 - __main__ - INFO - 🔗 Usando SQLite locale per sviluppo
2025-06-12 10:47:13,655 - __main__ - INFO - Database di sviluppo inizializzato
2025-06-12 10:47:13,664 - __main__ - INFO - 🚀 Avvio applicazione su porta 3000 (debug: True)
2025-06-12 10:47:13,695 - werkzeug - WARNING -  * Debugger is active!
2025-06-12 10:47:13,712 - werkzeug - INFO -  * Debugger PIN: 381-560-159
2025-06-12 10:47:22,877 - werkzeug - INFO -  * Detected change in '/Users/flavio.lombardi/Desktop/Gestionale/app.py', reloading
2025-06-12 10:47:23,102 - werkzeug - INFO -  * Restarting with stat
2025-06-12 10:47:24,384 - __main__ - INFO - 🔗 Usando SQLite locale per sviluppo
2025-06-12 10:47:24,453 - __main__ - INFO - Database di sviluppo inizializzato
2025-06-12 10:47:24,470 - __main__ - INFO - 🚀 Avvio applicazione su porta 3000 (debug: True)
2025-06-12 10:47:24,503 - werkzeug - WARNING -  * Debugger is active!
2025-06-12 10:47:24,520 - werkzeug - INFO -  * Debugger PIN: 381-560-159
2025-06-12 10:47:42,358 - app - INFO - 🔗 Usando SQLite locale per sviluppo
2025-06-12 10:47:42,411 - app - INFO - Database di sviluppo inizializzato
2025-06-12 10:47:53,757 - werkzeug - INFO -  * Detected change in '/Users/flavio.lombardi/Desktop/Gestionale/app.py', reloading
2025-06-12 10:47:53,933 - werkzeug - INFO -  * Restarting with stat
2025-06-12 10:47:54,777 - __main__ - INFO - 🔗 Usando SQLite locale per sviluppo
2025-06-12 10:47:54,821 - __main__ - INFO - Database di sviluppo inizializzato
2025-06-12 10:47:54,826 - __main__ - INFO - 🚀 Avvio applicazione su porta 3000 (debug: True)
2025-06-12 10:47:54,850 - werkzeug - WARNING -  * Debugger is active!
2025-06-12 10:47:54,865 - werkzeug - INFO -  * Debugger PIN: 381-560-159
2025-06-12 10:47:55,893 - werkzeug - INFO -  * Detected change in '/Users/flavio.lombardi/Desktop/Gestionale/app.py', reloading
2025-06-12 10:47:56,014 - werkzeug - INFO -  * Restarting with stat
2025-06-12 10:47:56,696 - __main__ - INFO - 🔗 Usando SQLite locale per sviluppo
2025-06-12 10:47:56,733 - __main__ - INFO - Database di sviluppo inizializzato
2025-06-12 10:47:56,737 - __main__ - INFO - 🚀 Avvio applicazione su porta 3000 (debug: True)
2025-06-12 10:47:56,753 - werkzeug - WARNING -  * Debugger is active!
2025-06-12 10:47:56,765 - werkzeug - INFO -  * Debugger PIN: 381-560-159
2025-06-12 10:48:02,824 - werkzeug - INFO -  * Detected change in '/Users/flavio.lombardi/Desktop/Gestionale/app.py', reloading
2025-06-12 10:48:02,977 - werkzeug - INFO -  * Restarting with stat
2025-06-12 10:48:03,798 - __main__ - INFO - 🔗 Usando SQLite locale per sviluppo
2025-06-12 10:48:03,856 - __main__ - INFO - Database di sviluppo inizializzato
2025-06-12 10:48:03,861 - __main__ - INFO - 🚀 Avvio applicazione su porta 3000 (debug: True)
2025-06-12 10:48:03,878 - werkzeug - WARNING -  * Debugger is active!
2025-06-12 10:48:03,891 - werkzeug - INFO -  * Debugger PIN: 381-560-159
2025-06-12 10:48:18,364 - app - INFO - 🔗 Usando SQLite locale per sviluppo
2025-06-12 10:48:18,410 - app - INFO - Database di sviluppo inizializzato
2025-06-12 10:49:51,439 - app - INFO - 🔗 Usando SQLite locale per sviluppo
2025-06-12 10:49:51,490 - app - INFO - Database di sviluppo inizializzato
2025-06-12 10:50:08,717 - app - INFO - 🔗 Usando SQLite locale per sviluppo
2025-06-12 10:50:08,756 - app - INFO - Database di sviluppo inizializzato
2025-06-12 10:50:28,060 - werkzeug - INFO -  * Detected change in '/Users/flavio.lombardi/Desktop/Gestionale/app.py', reloading
2025-06-12 10:50:28,222 - werkzeug - INFO -  * Restarting with stat
2025-06-12 10:50:28,822 - __main__ - INFO - 🔗 Usando SQLite locale per sviluppo
2025-06-12 10:50:28,857 - __main__ - INFO - Database di sviluppo inizializzato
2025-06-12 10:50:28,861 - __main__ - INFO - 🚀 Avvio applicazione su porta 3000 (debug: True)
2025-06-12 10:50:28,880 - werkzeug - WARNING -  * Debugger is active!
2025-06-12 10:50:28,892 - werkzeug - INFO -  * Debugger PIN: 381-560-159
2025-06-12 10:50:35,945 - werkzeug - INFO -  * Detected change in '/Users/flavio.lombardi/Desktop/Gestionale/app.py', reloading
2025-06-12 10:50:36,201 - werkzeug - INFO -  * Restarting with stat
2025-06-12 10:50:36,931 - __main__ - INFO - 🔗 Usando SQLite locale per sviluppo
2025-06-12 10:50:36,960 - __main__ - INFO - Database di sviluppo inizializzato
2025-06-12 10:50:36,964 - __main__ - INFO - 🚀 Avvio applicazione su porta 3000 (debug: True)
2025-06-12 10:50:36,978 - werkzeug - WARNING -  * Debugger is active!
2025-06-12 10:50:36,989 - werkzeug - INFO -  * Debugger PIN: 381-560-159
2025-06-12 10:50:45,048 - werkzeug - INFO -  * Detected change in '/Users/flavio.lombardi/Desktop/Gestionale/app.py', reloading
2025-06-12 10:50:45,172 - werkzeug - INFO -  * Restarting with stat
2025-06-12 10:50:45,888 - __main__ - INFO - 🔗 Usando SQLite locale per sviluppo
2025-06-12 10:50:45,927 - __main__ - INFO - Database di sviluppo inizializzato
2025-06-12 10:50:45,931 - __main__ - INFO - 🚀 Avvio applicazione su porta 3000 (debug: True)
2025-06-12 10:50:45,947 - werkzeug - WARNING -  * Debugger is active!
2025-06-12 10:50:45,960 - werkzeug - INFO -  * Debugger PIN: 381-560-159
2025-06-12 10:50:49,990 - werkzeug - INFO -  * Detected change in '/Users/flavio.lombardi/Desktop/Gestionale/app.py', reloading
2025-06-12 10:50:50,103 - werkzeug - INFO -  * Restarting with stat
2025-06-12 10:50:50,978 - __main__ - INFO - 🔗 Usando SQLite locale per sviluppo
2025-06-12 10:50:51,059 - __main__ - INFO - Database di sviluppo inizializzato
2025-06-12 10:50:51,067 - __main__ - INFO - 🚀 Avvio applicazione su porta 3000 (debug: True)
2025-06-12 10:50:51,094 - werkzeug - WARNING -  * Debugger is active!
2025-06-12 10:50:51,116 - werkzeug - INFO -  * Debugger PIN: 381-560-159
2025-06-12 10:50:52,142 - werkzeug - INFO -  * Detected change in '/Users/flavio.lombardi/Desktop/Gestionale/app.py', reloading
2025-06-12 10:50:52,243 - werkzeug - INFO -  * Restarting with stat
2025-06-12 10:50:52,873 - __main__ - INFO - 🔗 Usando SQLite locale per sviluppo
2025-06-12 10:50:52,909 - __main__ - INFO - Database di sviluppo inizializzato
2025-06-12 10:50:52,913 - __main__ - INFO - 🚀 Avvio applicazione su porta 3000 (debug: True)
2025-06-12 10:50:52,927 - werkzeug - WARNING -  * Debugger is active!
2025-06-12 10:50:52,938 - werkzeug - INFO -  * Debugger PIN: 381-560-159
2025-06-12 10:51:03,021 - werkzeug - INFO -  * Detected change in '/Users/flavio.lombardi/Desktop/Gestionale/app.py', reloading
2025-06-12 10:51:03,121 - werkzeug - INFO -  * Restarting with stat
2025-06-12 10:51:03,942 - __main__ - INFO - 🔗 Usando SQLite locale per sviluppo
2025-06-12 10:51:03,987 - __main__ - INFO - Database di sviluppo inizializzato
2025-06-12 10:51:03,991 - __main__ - INFO - 🚀 Avvio applicazione su porta 3000 (debug: True)
2025-06-12 10:51:04,012 - werkzeug - WARNING -  * Debugger is active!
2025-06-12 10:51:04,025 - werkzeug - INFO -  * Debugger PIN: 381-560-159
2025-06-12 10:51:10,072 - werkzeug - INFO -  * Detected change in '/Users/flavio.lombardi/Desktop/Gestionale/app.py', reloading
2025-06-12 10:51:10,183 - werkzeug - INFO -  * Restarting with stat
2025-06-12 10:51:10,909 - __main__ - INFO - 🔗 Usando SQLite locale per sviluppo
2025-06-12 10:51:10,948 - __main__ - INFO - Database di sviluppo inizializzato
2025-06-12 10:51:10,952 - __main__ - INFO - 🚀 Avvio applicazione su porta 3000 (debug: True)
2025-06-12 10:51:10,968 - werkzeug - WARNING -  * Debugger is active!
2025-06-12 10:51:10,982 - werkzeug - INFO -  * Debugger PIN: 381-560-159
2025-06-12 10:51:14,020 - werkzeug - INFO -  * Detected change in '/Users/flavio.lombardi/Desktop/Gestionale/app.py', reloading
2025-06-12 10:51:14,215 - werkzeug - INFO -  * Restarting with stat
2025-06-12 10:51:14,976 - __main__ - INFO - 🔗 Usando SQLite locale per sviluppo
2025-06-12 10:51:15,007 - __main__ - INFO - Database di sviluppo inizializzato
2025-06-12 10:51:15,010 - __main__ - INFO - 🚀 Avvio applicazione su porta 3000 (debug: True)
2025-06-12 10:51:15,023 - werkzeug - WARNING -  * Debugger is active!
2025-06-12 10:51:15,033 - werkzeug - INFO -  * Debugger PIN: 381-560-159
2025-06-12 10:51:27,127 - werkzeug - INFO -  * Detected change in '/Users/flavio.lombardi/Desktop/Gestionale/app.py', reloading
2025-06-12 10:51:27,209 - werkzeug - INFO -  * Restarting with stat
2025-06-12 10:51:27,983 - __main__ - INFO - 🔗 Usando SQLite locale per sviluppo
2025-06-12 10:51:28,026 - __main__ - INFO - Database di sviluppo inizializzato
2025-06-12 10:51:28,030 - __main__ - INFO - 🚀 Avvio applicazione su porta 3000 (debug: True)
2025-06-12 10:51:28,051 - werkzeug - WARNING -  * Debugger is active!
2025-06-12 10:51:28,064 - werkzeug - INFO -  * Debugger PIN: 381-560-159
2025-06-12 10:51:40,222 - werkzeug - INFO -  * Detected change in '/Users/flavio.lombardi/Desktop/Gestionale/app.py', reloading
2025-06-12 10:51:40,440 - werkzeug - INFO -  * Restarting with stat
2025-06-12 10:51:41,519 - __main__ - INFO - 🔗 Usando SQLite locale per sviluppo
2025-06-12 10:51:41,564 - __main__ - INFO - Database di sviluppo inizializzato
2025-06-12 10:51:41,568 - __main__ - INFO - 🚀 Avvio applicazione su porta 3000 (debug: True)
2025-06-12 10:51:41,591 - werkzeug - WARNING -  * Debugger is active!
2025-06-12 10:51:41,611 - werkzeug - INFO -  * Debugger PIN: 381-560-159
2025-06-12 10:51:44,646 - werkzeug - INFO -  * Detected change in '/Users/flavio.lombardi/Desktop/Gestionale/app.py', reloading
2025-06-12 10:51:44,759 - werkzeug - INFO -  * Restarting with stat
2025-06-12 10:51:45,495 - __main__ - INFO - 🔗 Usando SQLite locale per sviluppo
2025-06-12 10:51:45,541 - __main__ - INFO - Database di sviluppo inizializzato
2025-06-12 10:51:45,545 - __main__ - INFO - 🚀 Avvio applicazione su porta 3000 (debug: True)
2025-06-12 10:51:45,563 - werkzeug - WARNING -  * Debugger is active!
2025-06-12 10:51:45,577 - werkzeug - INFO -  * Debugger PIN: 381-560-159
2025-06-12 10:51:57,731 - app - INFO - 🔗 Usando SQLite locale per sviluppo
2025-06-12 10:51:57,771 - app - INFO - Database di sviluppo inizializzato
2025-06-12 10:52:12,451 - app - INFO - 🔗 Usando SQLite locale per sviluppo
2025-06-12 10:52:12,489 - app - INFO - Database di sviluppo inizializzato
2025-06-12 10:53:41,551 - werkzeug - INFO -  * Detected change in '/Users/flavio.lombardi/Desktop/Gestionale/app.py', reloading
2025-06-12 10:53:41,727 - werkzeug - INFO -  * Restarting with stat
2025-06-12 10:53:42,762 - __main__ - INFO - 🔗 Usando SQLite locale per sviluppo
2025-06-12 10:53:42,807 - __main__ - INFO - Database di sviluppo inizializzato
2025-06-12 10:53:42,811 - __main__ - INFO - 🚀 Avvio applicazione su porta 3000 (debug: True)
2025-06-12 10:53:42,831 - werkzeug - WARNING -  * Debugger is active!
2025-06-12 10:53:42,845 - werkzeug - INFO -  * Debugger PIN: 381-560-159
2025-06-12 10:53:44,876 - werkzeug - INFO -  * Detected change in '/Users/flavio.lombardi/Desktop/Gestionale/app.py', reloading
2025-06-12 10:53:44,982 - werkzeug - INFO -  * Restarting with stat
2025-06-12 10:53:45,673 - __main__ - INFO - 🔗 Usando SQLite locale per sviluppo
2025-06-12 10:53:45,708 - __main__ - INFO - Database di sviluppo inizializzato
2025-06-12 10:53:45,712 - __main__ - INFO - 🚀 Avvio applicazione su porta 3000 (debug: True)
2025-06-12 10:53:45,726 - werkzeug - WARNING -  * Debugger is active!
2025-06-12 10:53:45,738 - werkzeug - INFO -  * Debugger PIN: 381-560-159
2025-06-12 10:53:49,805 - werkzeug - INFO -  * Detected change in '/Users/flavio.lombardi/Desktop/Gestionale/app.py', reloading
2025-06-12 10:53:50,084 - werkzeug - INFO -  * Restarting with stat
2025-06-12 10:53:51,849 - __main__ - INFO - 🔗 Usando SQLite locale per sviluppo
2025-06-12 10:53:52,022 - __main__ - INFO - Database di sviluppo inizializzato
2025-06-12 10:53:52,029 - __main__ - INFO - 🚀 Avvio applicazione su porta 3000 (debug: True)
2025-06-12 10:53:52,056 - werkzeug - WARNING -  * Debugger is active!
2025-06-12 10:53:52,074 - werkzeug - INFO -  * Debugger PIN: 381-560-159
2025-06-12 10:55:07,691 - werkzeug - INFO -  * Detected change in '/Users/flavio.lombardi/Desktop/Gestionale/app.py', reloading
2025-06-12 10:55:07,839 - werkzeug - INFO -  * Restarting with stat
2025-06-12 10:55:08,725 - __main__ - INFO - 🔗 Usando SQLite locale per sviluppo
2025-06-12 10:55:08,770 - __main__ - INFO - Database di sviluppo inizializzato
2025-06-12 10:55:08,774 - __main__ - INFO - 🚀 Avvio applicazione su porta 3000 (debug: True)
2025-06-12 10:55:08,795 - werkzeug - WARNING -  * Debugger is active!
2025-06-12 10:55:08,813 - werkzeug - INFO -  * Debugger PIN: 381-560-159
2025-06-12 10:55:09,643 - app - INFO - 🔗 Usando SQLite locale per sviluppo
2025-06-12 10:55:09,686 - app - INFO - Database di sviluppo inizializzato
2025-06-12 10:55:19,901 - werkzeug - INFO -  * Detected change in '/Users/flavio.lombardi/Desktop/Gestionale/app.py', reloading
2025-06-12 10:55:20,019 - werkzeug - INFO -  * Restarting with stat
2025-06-12 10:55:20,726 - __main__ - INFO - 🔗 Usando SQLite locale per sviluppo
2025-06-12 10:55:20,770 - __main__ - INFO - Database di sviluppo inizializzato
2025-06-12 10:55:20,775 - __main__ - INFO - 🚀 Avvio applicazione su porta 3000 (debug: True)
2025-06-12 10:55:20,794 - werkzeug - WARNING -  * Debugger is active!
2025-06-12 10:55:20,809 - werkzeug - INFO -  * Debugger PIN: 381-560-159
2025-06-12 10:55:21,830 - werkzeug - INFO -  * Detected change in '/Users/flavio.lombardi/Desktop/Gestionale/app.py', reloading
2025-06-12 10:55:21,951 - werkzeug - INFO -  * Restarting with stat
2025-06-12 10:55:22,625 - __main__ - INFO - 🔗 Usando SQLite locale per sviluppo
2025-06-12 10:55:22,664 - __main__ - INFO - Database di sviluppo inizializzato
2025-06-12 10:55:22,668 - __main__ - INFO - 🚀 Avvio applicazione su porta 3000 (debug: True)
2025-06-12 10:55:22,683 - werkzeug - WARNING -  * Debugger is active!
2025-06-12 10:55:22,695 - werkzeug - INFO -  * Debugger PIN: 381-560-159
2025-06-12 10:55:28,765 - werkzeug - INFO -  * Detected change in '/Users/flavio.lombardi/Desktop/Gestionale/app.py', reloading
2025-06-12 10:55:28,921 - werkzeug - INFO -  * Restarting with stat
2025-06-12 10:55:29,682 - __main__ - INFO - 🔗 Usando SQLite locale per sviluppo
2025-06-12 10:55:29,721 - __main__ - INFO - Database di sviluppo inizializzato
2025-06-12 10:55:29,726 - __main__ - INFO - 🚀 Avvio applicazione su porta 3000 (debug: True)
2025-06-12 10:55:29,743 - werkzeug - WARNING -  * Debugger is active!
2025-06-12 10:55:29,757 - werkzeug - INFO -  * Debugger PIN: 381-560-159
2025-06-12 10:55:31,782 - werkzeug - INFO -  * Detected change in '/Users/flavio.lombardi/Desktop/Gestionale/app.py', reloading
2025-06-12 10:55:31,881 - werkzeug - INFO -  * Restarting with stat
2025-06-12 10:55:32,513 - __main__ - INFO - 🔗 Usando SQLite locale per sviluppo
2025-06-12 10:55:32,547 - __main__ - INFO - Database di sviluppo inizializzato
2025-06-12 10:55:32,551 - __main__ - INFO - 🚀 Avvio applicazione su porta 3000 (debug: True)
2025-06-12 10:55:32,565 - werkzeug - WARNING -  * Debugger is active!
2025-06-12 10:55:32,576 - werkzeug - INFO -  * Debugger PIN: 381-560-159
